<?xml version="1.0" encoding="UTF-8"?>
<testng-results total="2" passed="1" failed="1" skipped="0">
  <reporter-output>
  </reporter-output>
  <suite started-at="2024-03-20T08:21:55Z" name="Default suite" finished-at="2024-03-20T08:22:16Z" duration-ms="20338">
    <groups>
      <group name="regression">
        <method signature="Module3Assignment3.formReg()[pri:1, instance:seleniumModule3.Module3Assignment3@8576fa0]" name="formReg" class="seleniumModule3.Module3Assignment3"/>
      </group> <!-- regression -->
      <group name="smoke">
        <method signature="Module3Assignment3.formReg()[pri:1, instance:seleniumModule3.Module3Assignment3@8576fa0]" name="formReg" class="seleniumModule3.Module3Assignment3"/>
        <method signature="Module3Assignment3.formSmoke()[pri:0, instance:seleniumModule3.Module3Assignment3@8576fa0]" name="formSmoke" class="seleniumModule3.Module3Assignment3"/>
      </group> <!-- smoke -->
    </groups>
    <test started-at="2024-03-20T08:21:55Z" name="Default test" finished-at="2024-03-20T08:22:16Z" duration-ms="20338">
      <class name="seleniumModule3.Module3Assignment3">
        <test-method is-config="true" signature="beforeMethod()[pri:0, instance:seleniumModule3.Module3Assignment3@8576fa0]" started-at="2024-03-20T13:51:55Z" name="beforeMethod" finished-at="2024-03-20T13:51:59Z" duration-ms="3750" status="PASS">
          <reporter-output>
          </reporter-output>
        </test-method> <!-- beforeMethod -->
        <test-method signature="formSmoke()[pri:0, instance:seleniumModule3.Module3Assignment3@8576fa0]" started-at="2024-03-20T13:51:59Z" name="formSmoke" finished-at="2024-03-20T13:52:11Z" duration-ms="12129" status="PASS">
          <reporter-output>
          </reporter-output>
        </test-method> <!-- formSmoke -->
        <test-method signature="formReg()[pri:1, instance:seleniumModule3.Module3Assignment3@8576fa0]" started-at="2024-03-20T13:52:11Z" name="formReg" finished-at="2024-03-20T13:52:16Z" duration-ms="4432" status="FAIL">
          <exception class="org.openqa.selenium.support.ui.UnexpectedTagNameException">
            <message>
              <![CDATA[Element should have been "select" but was "div"
Build info: version: '4.10.0', revision: 'c14d967899'
System info: os.name: 'Windows 11', os.arch: 'amd64', os.version: '10.0', java.version: '17.0.7'
Driver info: driver.version: unknown]]>
            </message>
            <full-stacktrace>
              <![CDATA[org.openqa.selenium.support.ui.UnexpectedTagNameException: Element should have been "select" but was "div"
Build info: version: '4.10.0', revision: 'c14d967899'
System info: os.name: 'Windows 11', os.arch: 'amd64', os.version: '10.0', java.version: '17.0.7'
Driver info: driver.version: unknown
	at org.openqa.selenium.support.ui.Select.<init>(Select.java:46)
	at seleniumModule3.Module3Assignment3.formReg(Module3Assignment3.java:121)
	at java.base/jdk.internal.reflect.NativeMethodAccessorImpl.invoke0(Native Method)
	at java.base/jdk.internal.reflect.NativeMethodAccessorImpl.invoke(NativeMethodAccessorImpl.java:77)
	at java.base/jdk.internal.reflect.DelegatingMethodAccessorImpl.invoke(DelegatingMethodAccessorImpl.java:43)
	at java.base/java.lang.reflect.Method.invoke(Method.java:568)
	at org.testng.internal.MethodInvocationHelper.invokeMethod(MethodInvocationHelper.java:85)
	at org.testng.internal.Invoker.invokeMethod(Invoker.java:639)
	at org.testng.internal.Invoker.invokeTestMethod(Invoker.java:816)
	at org.testng.internal.Invoker.invokeTestMethods(Invoker.java:1124)
	at org.testng.internal.TestMethodWorker.invokeTestMethods(TestMethodWorker.java:125)
	at org.testng.internal.TestMethodWorker.run(TestMethodWorker.java:108)
	at org.testng.TestRunner.privateRun(TestRunner.java:774)
	at org.testng.TestRunner.run(TestRunner.java:624)
	at org.testng.SuiteRunner.runTest(SuiteRunner.java:359)
	at org.testng.SuiteRunner.runSequentially(SuiteRunner.java:354)
	at org.testng.SuiteRunner.privateRun(SuiteRunner.java:312)
	at org.testng.SuiteRunner.run(SuiteRunner.java:261)
	at org.testng.SuiteRunnerWorker.runSuite(SuiteRunnerWorker.java:52)
	at org.testng.SuiteRunnerWorker.run(SuiteRunnerWorker.java:86)
	at org.testng.TestNG.runSuitesSequentially(TestNG.java:1215)
	at org.testng.TestNG.runSuitesLocally(TestNG.java:1140)
	at org.testng.TestNG.run(TestNG.java:1048)
	at org.testng.remote.AbstractRemoteTestNG.run(AbstractRemoteTestNG.java:115)
	at org.testng.remote.RemoteTestNG.initAndRun(RemoteTestNG.java:251)
	at org.testng.remote.RemoteTestNG.main(RemoteTestNG.java:77)
]]>
            </full-stacktrace>
          </exception> <!-- org.openqa.selenium.support.ui.UnexpectedTagNameException -->
          <reporter-output>
          </reporter-output>
        </test-method> <!-- formReg -->
      </class> <!-- seleniumModule3.Module3Assignment3 -->
    </test> <!-- Default test -->
  </suite> <!-- Default suite -->
</testng-results>
